2024-06-28 00:12:59.289 [info] Log level: Info
2024-06-28 00:12:59.289 [info] Validating found git in: "git"
2024-06-28 00:12:59.289 [info] Using git "2.43.0" from "git"
2024-06-28 00:12:59.289 [info] > git rev-parse --show-toplevel [3ms]
2024-06-28 00:12:59.289 [info] > git rev-parse --git-dir --git-common-dir [1ms]
2024-06-28 00:12:59.289 [info] Open repository: /workspace/project
2024-06-28 00:12:59.289 [info] > git config --get commit.template [5ms]
2024-06-28 00:12:59.289 [info] > git rev-parse --show-toplevel [7ms]
2024-06-28 00:12:59.289 [info] > git for-each-ref --format=%(refname)%00%(upstream:short)%00%(objectname)%00%(upstream:track)%00%(upstream:remotename)%00%(upstream:remoteref) refs/heads/main refs/remotes/main [6ms]
2024-06-28 00:12:59.289 [warning] ENOENT: no such file or directory, open '/workspace/project/.git/refs/remotes/origin/main'
2024-06-28 00:12:59.289 [info] > git rev-parse --show-toplevel [6ms]
2024-06-28 00:12:59.289 [info] > git rev-parse refs/remotes/origin/main [2ms]
2024-06-28 00:12:59.289 [info] > git status -z -uall [117ms]
2024-06-28 00:12:59.289 [info] > git merge-base refs/heads/main refs/remotes/origin/main [21ms]
2024-06-28 00:12:59.289 [info] > git config --get commit.template [14ms]
2024-06-28 00:12:59.289 [info] > git rev-list --count --left-right refs/heads/main...refs/remotes/origin/main [6ms]
2024-06-28 00:12:59.289 [info] > git for-each-ref --format=%(refname)%00%(upstream:short)%00%(objectname)%00%(upstream:track)%00%(upstream:remotename)%00%(upstream:remoteref) refs/heads/main refs/remotes/main [6ms]
2024-06-28 00:12:59.289 [warning] ENOENT: no such file or directory, open '/workspace/project/.git/refs/remotes/origin/main'
2024-06-28 00:12:59.289 [info] > git diff --name-status -z --diff-filter=ADMR c59c1410edf825c7e8a42c39d37f10700022fbf3...refs/remotes/origin/main [6ms]
2024-06-28 00:12:59.289 [info] > git rev-parse refs/remotes/origin/main [7ms]
2024-06-28 00:12:59.289 [info] > git status -z -uall [125ms]
2024-06-28 00:12:59.797 [info] > git check-ignore -v -z --stdin [1ms]
2024-06-28 00:13:00.675 [info] > git config --local branch.main.github-pr-owner-number [115ms]
2024-06-28 00:13:00.675 [warning] git config failed: Failed to execute git
2024-06-28 00:13:00.703 [info] > git config --get commit.template [28ms]
2024-06-28 00:13:00.717 [info] > git for-each-ref --format=%(refname)%00%(upstream:short)%00%(objectname)%00%(upstream:track)%00%(upstream:remotename)%00%(upstream:remoteref) refs/heads/main refs/remotes/main [9ms]
2024-06-28 00:13:00.722 [warning] ENOENT: no such file or directory, open '/workspace/project/.git/refs/remotes/origin/main'
2024-06-28 00:13:00.726 [info] > git rev-parse refs/remotes/origin/main [3ms]
2024-06-28 00:13:00.734 [info] > git status -z -uall [4ms]
