2024-06-28 00:16:10.431 [info] Log level: Info
2024-06-28 00:16:10.438 [info] VSCODE_MACHINE_ID: someValue.machineId
2024-06-28 00:16:10.438 [info] VSCODE_SESSION_ID: someValue.sessionId
2024-06-28 00:16:10.438 [info] VSCODE_VERSION: 1.90.2
2024-06-28 00:16:10.438 [info] VSCODE_APP_NAME: Gitpod Code
2024-06-28 00:16:10.438 [info] VSCODE_APP_HOST: Gitpod
2024-06-28 00:16:10.438 [info] VSCODE_UI_KIND: web
2024-06-28 00:16:10.438 [info] GITPOD_WORKSPACE_CONTEXT_URL: https://github.com/freeCodeCamp/learn-relational-databases-by-building-a-mario-database
2024-06-28 00:16:10.438 [info] GITPOD_INSTANCE_ID: d373498b-bdf9-4721-b0dc-9acbc05e242d
2024-06-28 00:16:10.438 [info] GITPOD_WORKSPACE_URL: https://freecodecam-learnrelati-l7e317u3qd7.ws-us114.gitpod.io
2024-06-28 00:16:10.447 [info] Gitpod Web 7ff72a2
2024-06-28 00:16:10.447 [info] Reading sessions from keychain...
2024-06-28 00:16:10.533 [info] Getting sessions for all scopes...
2024-06-28 00:16:10.533 [info] Getting GitHub sessions for all scopes...
2024-06-28 00:16:10.533 [info] Getting sessions for function:accessCodeSyncStorage...
2024-06-28 00:16:10.533 [info] Got stored sessions!
2024-06-28 00:16:10.533 [info] Verified session with the following scopes: function:accessCodeSyncStorage function:closePort function:controlAdmission function:deleteEnvVar function:generateNewGitpodToken function:getDefaultWorkspaceImage function:getEnvVars function:getGitpodTokenScopes function:getIDToken function:getLoggedInUser function:getOpenPorts function:getSupportedWorkspaceClasses function:getTeams function:getToken function:getWorkspace function:getWorkspaceEnvVars function:getWorkspaceOwner function:getWorkspaceTimeout function:getWorkspaceUsers function:guessGitTokenScopes function:isWorkspaceOwner function:openPort function:sendHeartBeat function:setEnvVar function:setWorkspaceTimeout function:stopWorkspace function:takeSnapshot function:trackEvent function:updateGitStatus function:waitForSnapshot resource:contentBlob::*::create/get resource:envVar::freeCodeCamp/learn-relational-databases-by-building-a-mario-database::create/get/update/delete resource:gitpodToken::*::create resource:snapshot::ws-freecodecam-learnrelati-l7e317u3qd7::create resource:token::*::get resource:userStorage::*::create/get/update resource:workspace::freecodecam-learnrelati-l7e317u3qd7::get/update resource:workspaceInstance::d373498b-bdf9-4721-b0dc-9acbc05e242d::get/update/delete
2024-06-28 00:16:10.534 [info] Got 1 verified sessions.
2024-06-28 00:16:10.534 [info] Got 1 sessions for all scopes...
2024-06-28 00:16:10.534 [info] Got 1 sessions for function:accessCodeSyncStorage...
2024-06-28 00:16:10.737 [info] Getting sessions for all scopes...
2024-06-28 00:16:10.737 [info] Got 1 sessions for all scopes...
2024-06-28 00:16:10.809 [info] Got 1 GitHub sessions for all scopes...
2024-06-28 00:16:11.016 [info] Getting GitHub sessions for all scopes...
2024-06-28 00:16:11.016 [info] Got 1 GitHub sessions for all scopes...
2024-06-28 00:16:11.369 [info] Getting GitHub sessions for read:user,repo,user:email,workflow...
2024-06-28 00:16:11.369 [info] Got 1 GitHub sessions for read:user,repo,user:email,workflow...
2024-06-28 00:16:11.713 [info] Getting GitHub sessions for project,read:org,read:user,repo,user:email,workflow...
2024-06-28 00:16:11.713 [info] Got 0 GitHub sessions for project,read:org,read:user,repo,user:email,workflow...
2024-06-28 00:16:11.934 [info] Getting GitHub sessions for read:user,repo,user:email,workflow...
2024-06-28 00:16:11.934 [info] Got 1 GitHub sessions for read:user,repo,user:email,workflow...
