2024-06-28 00:12:58.532 [info] Log level: Info
2024-06-28 00:12:58.532 [info] VSCODE_MACHINE_ID: d80e0102-3bc3-4be9-bd04-b9f452a712e5
2024-06-28 00:12:58.532 [info] VSCODE_SESSION_ID: 101a1768-b527-406d-af0d-4e55f44a3eff1719533575128
2024-06-28 00:12:58.532 [info] VSCODE_VERSION: 1.90.2
2024-06-28 00:12:58.532 [info] VSCODE_APP_NAME: Gitpod Code
2024-06-28 00:12:58.532 [info] VSCODE_APP_HOST: Gitpod
2024-06-28 00:12:58.532 [info] VSCODE_UI_KIND: web
2024-06-28 00:12:58.532 [info] GITPOD_WORKSPACE_CONTEXT_URL: https://github.com/freeCodeCamp/learn-relational-databases-by-building-a-mario-database
2024-06-28 00:12:58.532 [info] GITPOD_INSTANCE_ID: d373498b-bdf9-4721-b0dc-9acbc05e242d
2024-06-28 00:12:58.532 [info] GITPOD_WORKSPACE_URL: https://freecodecam-learnrelati-l7e317u3qd7.ws-us114.gitpod.io
2024-06-28 00:12:58.532 [info] Gitpod Web 7ff72a2
2024-06-28 00:12:58.532 [info] Reading sessions from keychain...
2024-06-28 00:12:58.624 [info] Getting sessions for all scopes...
2024-06-28 00:12:58.624 [info] Getting GitHub sessions for all scopes...
2024-06-28 00:12:58.624 [info] Getting sessions for function:accessCodeSyncStorage...
2024-06-28 00:12:58.624 [info] Got stored sessions!
2024-06-28 00:12:58.624 [info] Verified session with the following scopes: function:accessCodeSyncStorage function:closePort function:controlAdmission function:deleteEnvVar function:generateNewGitpodToken function:getDefaultWorkspaceImage function:getEnvVars function:getGitpodTokenScopes function:getIDToken function:getLoggedInUser function:getOpenPorts function:getSupportedWorkspaceClasses function:getTeams function:getToken function:getWorkspace function:getWorkspaceEnvVars function:getWorkspaceOwner function:getWorkspaceTimeout function:getWorkspaceUsers function:guessGitTokenScopes function:isWorkspaceOwner function:openPort function:sendHeartBeat function:setEnvVar function:setWorkspaceTimeout function:stopWorkspace function:takeSnapshot function:trackEvent function:updateGitStatus function:waitForSnapshot resource:contentBlob::*::create/get resource:envVar::freeCodeCamp/learn-relational-databases-by-building-a-mario-database::create/get/update/delete resource:gitpodToken::*::create resource:snapshot::ws-freecodecam-learnrelati-l7e317u3qd7::create resource:token::*::get resource:userStorage::*::create/get/update resource:workspace::freecodecam-learnrelati-l7e317u3qd7::get/update resource:workspaceInstance::d373498b-bdf9-4721-b0dc-9acbc05e242d::get/update/delete
2024-06-28 00:12:58.624 [info] Got 1 verified sessions.
2024-06-28 00:12:58.625 [info] Got 1 sessions for all scopes...
2024-06-28 00:12:58.625 [info] Got 1 sessions for function:accessCodeSyncStorage...
2024-06-28 00:12:58.828 [info] Got 1 GitHub sessions for all scopes...
2024-06-28 00:12:58.857 [info] Getting sessions for all scopes...
2024-06-28 00:12:58.857 [info] Got 1 sessions for all scopes...
2024-06-28 00:12:58.917 [info] Getting GitHub sessions for all scopes...
2024-06-28 00:12:58.917 [info] Got 1 GitHub sessions for all scopes...
2024-06-28 00:12:59.450 [info] Getting GitHub sessions for read:user,repo,user:email,workflow...
2024-06-28 00:12:59.450 [info] Got 1 GitHub sessions for read:user,repo,user:email,workflow...
2024-06-28 00:12:59.741 [info] Getting GitHub sessions for project,read:org,read:user,repo,user:email,workflow...
2024-06-28 00:12:59.741 [info] Got 0 GitHub sessions for project,read:org,read:user,repo,user:email,workflow...
2024-06-28 00:12:59.974 [info] Getting GitHub sessions for read:user,repo,user:email,workflow...
2024-06-28 00:12:59.974 [info] Got 1 GitHub sessions for read:user,repo,user:email,workflow...
