2024-06-28 00:16:10.970 [info] Log level: Info
2024-06-28 00:16:10.970 [info] Validating found git in: "git"
2024-06-28 00:16:10.970 [info] Using git "2.43.0" from "git"
2024-06-28 00:16:10.970 [info] > git rev-parse --show-toplevel [5ms]
2024-06-28 00:16:10.970 [info] > git rev-parse --git-dir --git-common-dir [59ms]
2024-06-28 00:16:10.970 [info] Open repository: /workspace/project
2024-06-28 00:16:10.970 [info] > git config --get commit.template [10ms]
2024-06-28 00:16:10.970 [info] > git rev-parse --show-toplevel [5ms]
2024-06-28 00:16:10.970 [info] > git for-each-ref --format=%(refname)%00%(upstream:short)%00%(objectname)%00%(upstream:track)%00%(upstream:remotename)%00%(upstream:remoteref) refs/heads/main refs/remotes/main [7ms]
2024-06-28 00:16:10.970 [warning] ENOENT: no such file or directory, open '/workspace/project/.git/refs/remotes/origin/main'
2024-06-28 00:16:10.970 [info] > git rev-parse --show-toplevel [7ms]
2024-06-28 00:16:10.970 [info] > git rev-parse refs/remotes/origin/main [3ms]
2024-06-28 00:16:10.970 [info] > git status -z -uall [5ms]
2024-06-28 00:16:10.970 [info] > git merge-base refs/heads/main refs/remotes/origin/main [12ms]
2024-06-28 00:16:10.970 [info] > git config --get commit.template [15ms]
2024-06-28 00:16:10.972 [info] > git rev-list --count --left-right refs/heads/main...refs/remotes/origin/main [12ms]
2024-06-28 00:16:11.008 [info] > git diff --name-status -z --diff-filter=ADMR c59c1410edf825c7e8a42c39d37f10700022fbf3...refs/remotes/origin/main [28ms]
2024-06-28 00:16:11.010 [info] > git for-each-ref --format=%(refname)%00%(upstream:short)%00%(objectname)%00%(upstream:track)%00%(upstream:remotename)%00%(upstream:remoteref) refs/heads/main refs/remotes/main [10ms]
2024-06-28 00:16:11.016 [warning] ENOENT: no such file or directory, open '/workspace/project/.git/refs/remotes/origin/main'
2024-06-28 00:16:11.018 [info] > git rev-parse refs/remotes/origin/main [2ms]
2024-06-28 00:16:11.154 [info] > git status -z -uall [131ms]
2024-06-28 00:16:12.702 [info] > git config --local branch.main.github-pr-owner-number [112ms]
2024-06-28 00:16:12.702 [warning] git config failed: Failed to execute git
2024-06-28 00:18:51.162 [info] > git config --get commit.template [8ms]
2024-06-28 00:18:51.164 [info] > git for-each-ref --format=%(refname)%00%(upstream:short)%00%(objectname)%00%(upstream:track)%00%(upstream:remotename)%00%(upstream:remoteref) refs/heads/main refs/remotes/main [4ms]
2024-06-28 00:18:51.171 [warning] ENOENT: no such file or directory, open '/workspace/project/.git/refs/remotes/origin/main'
2024-06-28 00:18:51.174 [info] > git rev-parse refs/remotes/origin/main [3ms]
2024-06-28 00:18:51.183 [info] > git status -z -uall [3ms]
2024-06-28 00:18:51.310 [info] > git merge-base refs/heads/main refs/remotes/origin/main [119ms]
2024-06-28 00:18:51.319 [info] > git rev-list --count --left-right refs/heads/main...refs/remotes/origin/main [3ms]
2024-06-28 00:18:51.335 [info] > git diff --name-status -z --diff-filter=ADMR c59c1410edf825c7e8a42c39d37f10700022fbf3...refs/remotes/origin/main [10ms]
2024-06-28 00:18:51.398 [info] > git config --local branch.main.github-pr-owner-number [3ms]
2024-06-28 00:18:51.399 [warning] git config failed: Failed to execute git
2024-06-28 00:21:12.210 [info] > git config --local branch.main.github-pr-owner-number [1ms]
2024-06-28 00:21:12.210 [warning] git config failed: Failed to execute git
2024-06-28 00:22:07.799 [info] > git config --get commit.template [8ms]
2024-06-28 00:22:07.802 [info] > git for-each-ref --format=%(refname)%00%(upstream:short)%00%(objectname)%00%(upstream:track)%00%(upstream:remotename)%00%(upstream:remoteref) refs/heads/main refs/remotes/main [4ms]
2024-06-28 00:22:07.808 [warning] ENOENT: no such file or directory, open '/workspace/project/.git/refs/remotes/origin/main'
2024-06-28 00:22:07.810 [info] > git rev-parse refs/remotes/origin/main [1ms]
2024-06-28 00:22:07.819 [info] > git status -z -uall [4ms]
2024-06-28 00:22:07.945 [info] > git merge-base refs/heads/main refs/remotes/origin/main [120ms]
2024-06-28 00:22:07.954 [info] > git rev-list --count --left-right refs/heads/main...refs/remotes/origin/main [3ms]
2024-06-28 00:22:07.976 [info] > git diff --name-status -z --diff-filter=ADMR c59c1410edf825c7e8a42c39d37f10700022fbf3...refs/remotes/origin/main [14ms]
2024-06-28 00:22:08.033 [info] > git config --local branch.main.github-pr-owner-number [2ms]
2024-06-28 00:22:08.033 [warning] git config failed: Failed to execute git
2024-06-28 00:22:15.966 [info] > git config --get commit.template [8ms]
2024-06-28 00:22:15.968 [info] > git for-each-ref --format=%(refname)%00%(upstream:short)%00%(objectname)%00%(upstream:track)%00%(upstream:remotename)%00%(upstream:remoteref) refs/heads/main refs/remotes/main [3ms]
2024-06-28 00:22:15.976 [warning] ENOENT: no such file or directory, open '/workspace/project/.git/refs/remotes/origin/main'
2024-06-28 00:22:15.978 [info] > git rev-parse refs/remotes/origin/main [2ms]
2024-06-28 00:22:15.987 [info] > git status -z -uall [3ms]
2024-06-28 00:26:12.218 [info] > git config --local branch.main.github-pr-owner-number [1ms]
2024-06-28 00:26:12.218 [warning] git config failed: Failed to execute git
2024-06-28 00:31:12.227 [info] > git config --local branch.main.github-pr-owner-number [2ms]
2024-06-28 00:31:12.227 [warning] git config failed: Failed to execute git
2024-06-28 00:36:12.238 [info] > git config --local branch.main.github-pr-owner-number [2ms]
2024-06-28 00:36:12.238 [warning] git config failed: Failed to execute git
2024-06-28 00:41:12.247 [info] > git config --local branch.main.github-pr-owner-number [2ms]
2024-06-28 00:41:12.247 [warning] git config failed: Failed to execute git
2024-06-28 00:46:12.254 [info] > git config --local branch.main.github-pr-owner-number [2ms]
2024-06-28 00:46:12.254 [warning] git config failed: Failed to execute git
2024-06-28 00:51:12.263 [info] > git config --local branch.main.github-pr-owner-number [2ms]
2024-06-28 00:51:12.263 [warning] git config failed: Failed to execute git
2024-06-28 00:56:12.272 [info] > git config --local branch.main.github-pr-owner-number [2ms]
2024-06-28 00:56:12.272 [warning] git config failed: Failed to execute git
2024-06-28 01:01:12.280 [info] > git config --local branch.main.github-pr-owner-number [2ms]
2024-06-28 01:01:12.280 [warning] git config failed: Failed to execute git
2024-06-28 01:06:12.288 [info] > git config --local branch.main.github-pr-owner-number [2ms]
2024-06-28 01:06:12.288 [warning] git config failed: Failed to execute git
2024-06-28 01:11:12.296 [info] > git config --local branch.main.github-pr-owner-number [1ms]
2024-06-28 01:11:12.296 [warning] git config failed: Failed to execute git
2024-06-28 01:16:12.305 [info] > git config --local branch.main.github-pr-owner-number [2ms]
2024-06-28 01:16:12.305 [warning] git config failed: Failed to execute git
2024-06-28 01:21:12.313 [info] > git config --local branch.main.github-pr-owner-number [1ms]
2024-06-28 01:21:12.313 [warning] git config failed: Failed to execute git
2024-06-28 01:26:12.322 [info] > git config --local branch.main.github-pr-owner-number [2ms]
2024-06-28 01:26:12.322 [warning] git config failed: Failed to execute git
2024-06-28 01:31:12.330 [info] > git config --local branch.main.github-pr-owner-number [2ms]
2024-06-28 01:31:12.330 [warning] git config failed: Failed to execute git
2024-06-28 01:36:12.338 [info] > git config --local branch.main.github-pr-owner-number [1ms]
2024-06-28 01:36:12.338 [warning] git config failed: Failed to execute git
2024-06-28 01:41:12.348 [info] > git config --local branch.main.github-pr-owner-number [2ms]
2024-06-28 01:41:12.348 [warning] git config failed: Failed to execute git
2024-06-28 01:46:12.356 [info] > git config --local branch.main.github-pr-owner-number [1ms]
2024-06-28 01:46:12.356 [warning] git config failed: Failed to execute git
2024-06-28 01:51:12.364 [info] > git config --local branch.main.github-pr-owner-number [2ms]
2024-06-28 01:51:12.364 [warning] git config failed: Failed to execute git
2024-06-28 01:56:12.372 [info] > git config --local branch.main.github-pr-owner-number [2ms]
2024-06-28 01:56:12.372 [warning] git config failed: Failed to execute git
2024-06-28 02:01:12.380 [info] > git config --local branch.main.github-pr-owner-number [1ms]
2024-06-28 02:01:12.381 [warning] git config failed: Failed to execute git
2024-06-28 02:06:12.389 [info] > git config --local branch.main.github-pr-owner-number [1ms]
2024-06-28 02:06:12.389 [warning] git config failed: Failed to execute git
2024-06-28 02:11:12.399 [info] > git config --local branch.main.github-pr-owner-number [2ms]
2024-06-28 02:11:12.399 [warning] git config failed: Failed to execute git
2024-06-28 02:16:12.407 [info] > git config --local branch.main.github-pr-owner-number [1ms]
2024-06-28 02:16:12.407 [warning] git config failed: Failed to execute git
2024-06-28 02:21:12.417 [info] > git config --local branch.main.github-pr-owner-number [1ms]
2024-06-28 02:21:12.417 [warning] git config failed: Failed to execute git
2024-06-28 02:26:12.427 [info] > git config --local branch.main.github-pr-owner-number [1ms]
2024-06-28 02:26:12.427 [warning] git config failed: Failed to execute git
2024-06-28 02:31:12.436 [info] > git config --local branch.main.github-pr-owner-number [2ms]
2024-06-28 02:31:12.436 [warning] git config failed: Failed to execute git
2024-06-28 02:36:12.445 [info] > git config --local branch.main.github-pr-owner-number [2ms]
2024-06-28 02:36:12.445 [warning] git config failed: Failed to execute git
2024-06-28 02:41:12.452 [info] > git config --local branch.main.github-pr-owner-number [1ms]
2024-06-28 02:41:12.452 [warning] git config failed: Failed to execute git
2024-06-28 02:46:12.459 [info] > git config --local branch.main.github-pr-owner-number [1ms]
2024-06-28 02:46:12.459 [warning] git config failed: Failed to execute git
2024-06-28 02:51:12.467 [info] > git config --local branch.main.github-pr-owner-number [2ms]
2024-06-28 02:51:12.467 [warning] git config failed: Failed to execute git
2024-06-28 02:51:46.131 [info] > git config --get commit.template [7ms]
2024-06-28 02:51:46.132 [info] > git for-each-ref --format=%(refname)%00%(upstream:short)%00%(objectname)%00%(upstream:track)%00%(upstream:remotename)%00%(upstream:remoteref) refs/heads/main refs/remotes/main [2ms]
2024-06-28 02:51:46.139 [info] > git status -z -uall [3ms]
2024-06-28 02:51:46.312 [info] > git config --local branch.main.github-pr-owner-number [2ms]
2024-06-28 02:51:46.312 [warning] git config failed: Failed to execute git
2024-06-28 02:51:46.318 [info] > git config --local branch.main.remote [2ms]
2024-06-28 02:51:46.318 [warning] git config failed: Failed to execute git
2024-06-28 02:51:46.325 [info] > git config --local branch.main.merge [1ms]
2024-06-28 02:51:46.325 [warning] git config failed: Failed to execute git
2024-06-28 02:51:51.154 [info] > git config --get commit.template [6ms]
2024-06-28 02:51:51.156 [info] > git for-each-ref --format=%(refname)%00%(upstream:short)%00%(objectname)%00%(upstream:track)%00%(upstream:remotename)%00%(upstream:remoteref) refs/heads/main refs/remotes/main [2ms]
2024-06-28 02:51:51.164 [info] > git status -z -uall [3ms]
2024-06-28 02:52:26.174 [info] > git check-ignore -v -z --stdin [2ms]
2024-06-28 02:52:28.487 [info] > git show --textconv :.gitpod.yml [5ms]
2024-06-28 02:52:28.488 [info] > git ls-files --stage -- /workspace/project/.gitpod.yml [1ms]
2024-06-28 02:52:29.023 [info] > git config --get commit.template [6ms]
2024-06-28 02:52:29.025 [info] > git for-each-ref --format=%(refname)%00%(upstream:short)%00%(objectname)%00%(upstream:track)%00%(upstream:remotename)%00%(upstream:remoteref) refs/heads/main refs/remotes/main [1ms]
2024-06-28 02:52:29.032 [info] > git status -z -uall [3ms]
2024-06-28 02:52:36.643 [info] > git for-each-ref --format=%(refname)%00%(upstream:short)%00%(objectname)%00%(upstream:track)%00%(upstream:remotename)%00%(upstream:remoteref) refs/heads/main [2ms]
2024-06-28 02:52:36.650 [info] > git for-each-ref --format=%(refname)%00%(upstream:short)%00%(objectname)%00%(upstream:track)%00%(upstream:remotename)%00%(upstream:remoteref) refs/heads/main [1ms]
2024-06-28 02:52:36.657 [info] > git config --local branch.main.vscode-merge-base [1ms]
2024-06-28 02:52:36.657 [warning] git config failed: Failed to execute git
2024-06-28 02:52:36.664 [info] > git reflog refs/heads/main --grep-reflog=branch: Created from *. [3ms]
2024-06-28 02:52:36.670 [info] > git symbolic-ref --short refs/remotes/origin/HEAD [2ms]
2024-06-28 02:52:36.676 [info] > git for-each-ref --format=%(refname)%00%(upstream:short)%00%(objectname)%00%(upstream:track)%00%(upstream:remotename)%00%(upstream:remoteref) refs/heads/origin/main refs/remotes/origin/main [2ms]
2024-06-28 02:52:36.683 [info] > git config --local branch.main.vscode-merge-base origin/main [2ms]
2024-06-28 02:52:36.694 [info] > git config --get commit.template [6ms]
2024-06-28 02:52:36.695 [info] > git for-each-ref --format=%(refname)%00%(upstream:short)%00%(objectname)%00%(upstream:track)%00%(upstream:remotename)%00%(upstream:remoteref) refs/heads/main refs/remotes/main [2ms]
2024-06-28 02:52:36.702 [info] > git status -z -uall [3ms]
2024-06-28 02:52:36.710 [info] > git merge-base refs/heads/main refs/remotes/origin/main [2ms]
2024-06-28 02:52:36.710 [info] GitHistoryProvider:resolveHistoryItemGroupCommonAncestor - Failed to resolve common ancestor for 'refs/heads/main' and 'refs/remotes/origin/main'
2024-06-28 02:52:36.913 [info] > git for-each-ref --format=%(refname)%00%(upstream:short)%00%(objectname)%00%(upstream:track)%00%(upstream:remotename)%00%(upstream:remoteref) refs/heads/main [10ms]
2024-06-28 02:52:36.923 [info] > git for-each-ref --format=%(refname)%00%(upstream:short)%00%(objectname)%00%(upstream:track)%00%(upstream:remotename)%00%(upstream:remoteref) refs/heads/main [3ms]
2024-06-28 02:52:36.930 [info] > git config --local branch.main.vscode-merge-base [1ms]
2024-06-28 02:52:36.938 [info] > git for-each-ref --format=%(refname)%00%(upstream:short)%00%(objectname)%00%(upstream:track)%00%(upstream:remotename)%00%(upstream:remoteref) refs/heads/origin/main refs/remotes/origin/main [3ms]
2024-06-28 02:52:36.970 [info] > git merge-base refs/heads/main refs/remotes/origin/main [27ms]
2024-06-28 02:52:36.970 [info] GitHistoryProvider:resolveHistoryItemGroupCommonAncestor - Failed to resolve common ancestor for 'refs/heads/main' and 'refs/remotes/origin/main'
2024-06-28 02:52:37.936 [info] > git config --get commit.template [7ms]
2024-06-28 02:52:37.938 [info] > git for-each-ref --format=%(refname)%00%(upstream:short)%00%(objectname)%00%(upstream:track)%00%(upstream:remotename)%00%(upstream:remoteref) refs/heads/main refs/remotes/main [2ms]
2024-06-28 02:52:37.947 [info] > git status -z -uall [3ms]
2024-06-28 02:52:38.100 [info] > git ls-files --stage -- /workspace/project/.gitpod.yml [2ms]
2024-06-28 02:52:38.181 [info] > git show --textconv :.gitpod.yml [3ms]
2024-06-28 02:52:41.012 [info] > git add -A -- . [3ms]
2024-06-28 02:52:41.091 [info] > git for-each-ref --format=%(refname)%00%(upstream:short)%00%(objectname)%00%(upstream:track)%00%(upstream:remotename)%00%(upstream:remoteref) refs/heads/main [2ms]
2024-06-28 02:52:41.099 [info] > git for-each-ref --format=%(refname)%00%(upstream:short)%00%(objectname)%00%(upstream:track)%00%(upstream:remotename)%00%(upstream:remoteref) refs/heads/main [2ms]
2024-06-28 02:52:41.106 [info] > git config --local branch.main.vscode-merge-base [2ms]
2024-06-28 02:52:41.113 [info] > git for-each-ref --format=%(refname)%00%(upstream:short)%00%(objectname)%00%(upstream:track)%00%(upstream:remotename)%00%(upstream:remoteref) refs/heads/origin/main refs/remotes/origin/main [2ms]
2024-06-28 02:52:41.121 [info] > git merge-base refs/heads/main refs/remotes/origin/main [2ms]
2024-06-28 02:52:41.122 [info] GitHistoryProvider:resolveHistoryItemGroupCommonAncestor - Failed to resolve common ancestor for 'refs/heads/main' and 'refs/remotes/origin/main'
2024-06-28 02:52:41.205 [info] > git for-each-ref --format=%(refname)%00%(upstream:short)%00%(objectname)%00%(upstream:track)%00%(upstream:remotename)%00%(upstream:remoteref) refs/heads/main [2ms]
2024-06-28 02:52:41.213 [info] > git for-each-ref --format=%(refname)%00%(upstream:short)%00%(objectname)%00%(upstream:track)%00%(upstream:remotename)%00%(upstream:remoteref) refs/heads/main [2ms]
2024-06-28 02:52:41.219 [info] > git config --local branch.main.vscode-merge-base [1ms]
2024-06-28 02:52:41.227 [info] > git for-each-ref --format=%(refname)%00%(upstream:short)%00%(objectname)%00%(upstream:track)%00%(upstream:remotename)%00%(upstream:remoteref) refs/heads/origin/main refs/remotes/origin/main [1ms]
2024-06-28 02:52:41.234 [info] > git merge-base refs/heads/main refs/remotes/origin/main [2ms]
2024-06-28 02:52:41.234 [info] GitHistoryProvider:resolveHistoryItemGroupCommonAncestor - Failed to resolve common ancestor for 'refs/heads/main' and 'refs/remotes/origin/main'
2024-06-28 02:52:41.319 [info] > git for-each-ref --format=%(refname)%00%(upstream:short)%00%(objectname)%00%(upstream:track)%00%(upstream:remotename)%00%(upstream:remoteref) refs/heads/main [1ms]
2024-06-28 02:52:41.325 [info] > git for-each-ref --format=%(refname)%00%(upstream:short)%00%(objectname)%00%(upstream:track)%00%(upstream:remotename)%00%(upstream:remoteref) refs/heads/main [2ms]
2024-06-28 02:52:41.332 [info] > git config --local branch.main.vscode-merge-base [1ms]
2024-06-28 02:52:41.340 [info] > git for-each-ref --format=%(refname)%00%(upstream:short)%00%(objectname)%00%(upstream:track)%00%(upstream:remotename)%00%(upstream:remoteref) refs/heads/origin/main refs/remotes/origin/main [1ms]
2024-06-28 02:52:41.349 [info] > git merge-base refs/heads/main refs/remotes/origin/main [4ms]
2024-06-28 02:52:41.349 [info] GitHistoryProvider:resolveHistoryItemGroupCommonAncestor - Failed to resolve common ancestor for 'refs/heads/main' and 'refs/remotes/origin/main'
2024-06-28 02:52:41.427 [info] > git for-each-ref --format=%(refname)%00%(upstream:short)%00%(objectname)%00%(upstream:track)%00%(upstream:remotename)%00%(upstream:remoteref) refs/heads/main [2ms]
2024-06-28 02:52:41.434 [info] > git for-each-ref --format=%(refname)%00%(upstream:short)%00%(objectname)%00%(upstream:track)%00%(upstream:remotename)%00%(upstream:remoteref) refs/heads/main [2ms]
2024-06-28 02:52:41.441 [info] > git config --local branch.main.vscode-merge-base [1ms]
2024-06-28 02:52:41.448 [info] > git for-each-ref --format=%(refname)%00%(upstream:short)%00%(objectname)%00%(upstream:track)%00%(upstream:remotename)%00%(upstream:remoteref) refs/heads/origin/main refs/remotes/origin/main [2ms]
2024-06-28 02:52:41.456 [info] > git merge-base refs/heads/main refs/remotes/origin/main [2ms]
2024-06-28 02:52:41.457 [info] GitHistoryProvider:resolveHistoryItemGroupCommonAncestor - Failed to resolve common ancestor for 'refs/heads/main' and 'refs/remotes/origin/main'
2024-06-28 02:52:41.679 [info] > git show --textconv :.git/COMMIT_EDITMSG [5ms]
2024-06-28 02:52:41.680 [info] > git ls-files --stage -- /workspace/project/.git/COMMIT_EDITMSG [2ms]
2024-06-28 02:52:41.866 [info] > git check-ignore -v -z --stdin [2ms]
2024-06-28 02:52:42.339 [info] > git ls-files --stage -- /workspace/project/.gitpod.yml [5ms]
2024-06-28 02:52:42.344 [info] > git ls-files --stage -- /workspace/project/.git/COMMIT_EDITMSG [6ms]
2024-06-28 02:52:42.346 [info] > git cat-file -s e69de29bb2d1d6434b8b29ae775ad8c2e48c5391 [2ms]
2024-06-28 02:52:42.427 [info] > git show --textconv :.git/COMMIT_EDITMSG [6ms]
2024-06-28 02:52:42.429 [info] > git show --textconv :.gitpod.yml [2ms]
2024-06-28 02:52:45.327 [info] > git -c user.useConfigOnly=true commit --quiet [4309ms]
2024-06-28 02:52:45.327 [info] Aborting commit due to empty commit message.
2024-06-28 02:52:45.340 [info] > git config --get commit.template [6ms]
2024-06-28 02:52:45.342 [info] > git for-each-ref --format=%(refname)%00%(upstream:short)%00%(objectname)%00%(upstream:track)%00%(upstream:remotename)%00%(upstream:remoteref) refs/heads/main refs/remotes/main [2ms]
2024-06-28 02:52:45.349 [info] > git status -z -uall [3ms]
2024-06-28 02:52:45.577 [info] > git for-each-ref --format=%(refname)%00%(upstream:short)%00%(objectname)%00%(upstream:track)%00%(upstream:remotename)%00%(upstream:remoteref) refs/heads/main [2ms]
2024-06-28 02:52:45.584 [info] > git for-each-ref --format=%(refname)%00%(upstream:short)%00%(objectname)%00%(upstream:track)%00%(upstream:remotename)%00%(upstream:remoteref) refs/heads/main [2ms]
2024-06-28 02:52:45.591 [info] > git config --local branch.main.vscode-merge-base [1ms]
2024-06-28 02:52:45.599 [info] > git for-each-ref --format=%(refname)%00%(upstream:short)%00%(objectname)%00%(upstream:track)%00%(upstream:remotename)%00%(upstream:remoteref) refs/heads/origin/main refs/remotes/origin/main [2ms]
2024-06-28 02:52:45.606 [info] > git merge-base refs/heads/main refs/remotes/origin/main [3ms]
2024-06-28 02:52:45.607 [info] GitHistoryProvider:resolveHistoryItemGroupCommonAncestor - Failed to resolve common ancestor for 'refs/heads/main' and 'refs/remotes/origin/main'
2024-06-28 02:52:45.685 [info] > git for-each-ref --format=%(refname)%00%(upstream:short)%00%(objectname)%00%(upstream:track)%00%(upstream:remotename)%00%(upstream:remoteref) refs/heads/main [2ms]
2024-06-28 02:52:45.692 [info] > git for-each-ref --format=%(refname)%00%(upstream:short)%00%(objectname)%00%(upstream:track)%00%(upstream:remotename)%00%(upstream:remoteref) refs/heads/main [2ms]
2024-06-28 02:52:45.699 [info] > git config --local branch.main.vscode-merge-base [2ms]
2024-06-28 02:52:45.706 [info] > git for-each-ref --format=%(refname)%00%(upstream:short)%00%(objectname)%00%(upstream:track)%00%(upstream:remotename)%00%(upstream:remoteref) refs/heads/origin/main refs/remotes/origin/main [2ms]
2024-06-28 02:52:45.713 [info] > git merge-base refs/heads/main refs/remotes/origin/main [2ms]
2024-06-28 02:52:45.713 [info] GitHistoryProvider:resolveHistoryItemGroupCommonAncestor - Failed to resolve common ancestor for 'refs/heads/main' and 'refs/remotes/origin/main'
2024-06-28 02:52:45.792 [info] > git for-each-ref --format=%(refname)%00%(upstream:short)%00%(objectname)%00%(upstream:track)%00%(upstream:remotename)%00%(upstream:remoteref) refs/heads/main [2ms]
2024-06-28 02:52:45.799 [info] > git for-each-ref --format=%(refname)%00%(upstream:short)%00%(objectname)%00%(upstream:track)%00%(upstream:remotename)%00%(upstream:remoteref) refs/heads/main [2ms]
2024-06-28 02:52:45.805 [info] > git config --local branch.main.vscode-merge-base [2ms]
2024-06-28 02:52:45.811 [info] > git for-each-ref --format=%(refname)%00%(upstream:short)%00%(objectname)%00%(upstream:track)%00%(upstream:remotename)%00%(upstream:remoteref) refs/heads/origin/main refs/remotes/origin/main [2ms]
2024-06-28 02:52:45.818 [info] > git merge-base refs/heads/main refs/remotes/origin/main [2ms]
2024-06-28 02:52:45.819 [info] GitHistoryProvider:resolveHistoryItemGroupCommonAncestor - Failed to resolve common ancestor for 'refs/heads/main' and 'refs/remotes/origin/main'
2024-06-28 02:52:45.900 [info] > git for-each-ref --format=%(refname)%00%(upstream:short)%00%(objectname)%00%(upstream:track)%00%(upstream:remotename)%00%(upstream:remoteref) refs/heads/main [2ms]
2024-06-28 02:52:45.907 [info] > git for-each-ref --format=%(refname)%00%(upstream:short)%00%(objectname)%00%(upstream:track)%00%(upstream:remotename)%00%(upstream:remoteref) refs/heads/main [2ms]
2024-06-28 02:52:45.914 [info] > git config --local branch.main.vscode-merge-base [2ms]
2024-06-28 02:52:45.921 [info] > git for-each-ref --format=%(refname)%00%(upstream:short)%00%(objectname)%00%(upstream:track)%00%(upstream:remotename)%00%(upstream:remoteref) refs/heads/origin/main refs/remotes/origin/main [2ms]
2024-06-28 02:52:45.929 [info] > git merge-base refs/heads/main refs/remotes/origin/main [3ms]
2024-06-28 02:52:45.929 [info] GitHistoryProvider:resolveHistoryItemGroupCommonAncestor - Failed to resolve common ancestor for 'refs/heads/main' and 'refs/remotes/origin/main'
2024-06-28 02:52:46.008 [info] > git for-each-ref --format=%(refname)%00%(upstream:short)%00%(objectname)%00%(upstream:track)%00%(upstream:remotename)%00%(upstream:remoteref) refs/heads/main [2ms]
2024-06-28 02:52:46.015 [info] > git for-each-ref --format=%(refname)%00%(upstream:short)%00%(objectname)%00%(upstream:track)%00%(upstream:remotename)%00%(upstream:remoteref) refs/heads/main [2ms]
2024-06-28 02:52:46.021 [info] > git config --local branch.main.vscode-merge-base [2ms]
2024-06-28 02:52:46.027 [info] > git for-each-ref --format=%(refname)%00%(upstream:short)%00%(objectname)%00%(upstream:track)%00%(upstream:remotename)%00%(upstream:remoteref) refs/heads/origin/main refs/remotes/origin/main [1ms]
2024-06-28 02:52:46.034 [info] > git merge-base refs/heads/main refs/remotes/origin/main [2ms]
2024-06-28 02:52:46.034 [info] GitHistoryProvider:resolveHistoryItemGroupCommonAncestor - Failed to resolve common ancestor for 'refs/heads/main' and 'refs/remotes/origin/main'
2024-06-28 02:53:59.755 [info] > git config --get commit.template [6ms]
2024-06-28 02:53:59.757 [info] > git for-each-ref --format=%(refname)%00%(upstream:short)%00%(objectname)%00%(upstream:track)%00%(upstream:remotename)%00%(upstream:remoteref) refs/heads/main refs/remotes/main [1ms]
2024-06-28 02:53:59.764 [info] > git status -z -uall [3ms]
2024-06-28 02:53:59.879 [info] > git ls-files --stage -- /workspace/project/.gitpod.yml [6ms]
2024-06-28 02:53:59.885 [info] > git ls-files --stage -- /workspace/project/.git/COMMIT_EDITMSG [7ms]
2024-06-28 02:53:59.895 [info] > git cat-file -s e69de29bb2d1d6434b8b29ae775ad8c2e48c5391 [11ms]
2024-06-28 02:54:00.003 [info] > git show --textconv :.git/COMMIT_EDITMSG [8ms]
2024-06-28 02:54:00.003 [info] > git show --textconv :.gitpod.yml [2ms]
2024-06-28 02:54:00.086 [info] > git for-each-ref --format=%(refname)%00%(upstream:short)%00%(objectname)%00%(upstream:track)%00%(upstream:remotename)%00%(upstream:remoteref) refs/heads/main [3ms]
2024-06-28 02:54:00.093 [info] > git for-each-ref --format=%(refname)%00%(upstream:short)%00%(objectname)%00%(upstream:track)%00%(upstream:remotename)%00%(upstream:remoteref) refs/heads/main [2ms]
2024-06-28 02:54:00.101 [info] > git config --local branch.main.vscode-merge-base [3ms]
2024-06-28 02:54:00.108 [info] > git for-each-ref --format=%(refname)%00%(upstream:short)%00%(objectname)%00%(upstream:track)%00%(upstream:remotename)%00%(upstream:remoteref) refs/heads/origin/main refs/remotes/origin/main [1ms]
2024-06-28 02:54:00.108 [warning] No such branch: origin/main.
2024-06-28 02:54:00.116 [info] > git reflog refs/heads/main --grep-reflog=branch: Created from *. [3ms]
2024-06-28 02:54:00.123 [info] > git symbolic-ref --short refs/remotes/origin/HEAD [1ms]
2024-06-28 02:54:00.123 [info] fatal: ref refs/remotes/origin/HEAD is not a symbolic ref
2024-06-28 02:54:00.123 [info] GitHistoryProvider:resolveHistoryItemGroupBase - Failed to resolve history item group base for 'refs/heads/main'
2024-06-28 02:54:00.123 [info] GitHistoryProvider:resolveHistoryItemGroupCommonAncestor - Failed to resolve history item group base for 'refs/heads/main'
2024-06-28 02:54:00.208 [info] > git for-each-ref --format=%(refname)%00%(upstream:short)%00%(objectname)%00%(upstream:track)%00%(upstream:remotename)%00%(upstream:remoteref) refs/heads/main [2ms]
2024-06-28 02:54:00.337 [info] > git config --local branch.main.github-pr-owner-number [117ms]
2024-06-28 02:54:00.337 [warning] git config failed: Failed to execute git
2024-06-28 02:54:00.343 [info] > git for-each-ref --format=%(refname)%00%(upstream:short)%00%(objectname)%00%(upstream:track)%00%(upstream:remotename)%00%(upstream:remoteref) refs/heads/main [130ms]
2024-06-28 02:54:00.350 [info] > git config --local branch.main.remote [7ms]
2024-06-28 02:54:00.350 [warning] git config failed: Failed to execute git
2024-06-28 02:54:00.355 [info] > git config --local branch.main.vscode-merge-base [7ms]
2024-06-28 02:54:00.372 [info] > git config --local branch.main.merge [18ms]
2024-06-28 02:54:00.372 [warning] git config failed: Failed to execute git
2024-06-28 02:54:00.373 [info] > git for-each-ref --format=%(refname)%00%(upstream:short)%00%(objectname)%00%(upstream:track)%00%(upstream:remotename)%00%(upstream:remoteref) refs/heads/origin/main refs/remotes/origin/main [13ms]
2024-06-28 02:54:00.373 [warning] No such branch: origin/main.
2024-06-28 02:54:00.381 [info] > git reflog refs/heads/main --grep-reflog=branch: Created from *. [3ms]
2024-06-28 02:54:00.387 [info] > git symbolic-ref --short refs/remotes/origin/HEAD [1ms]
2024-06-28 02:54:00.387 [info] fatal: ref refs/remotes/origin/HEAD is not a symbolic ref
2024-06-28 02:54:00.387 [info] GitHistoryProvider:resolveHistoryItemGroupBase - Failed to resolve history item group base for 'refs/heads/main'
2024-06-28 02:54:00.387 [info] GitHistoryProvider:resolveHistoryItemGroupCommonAncestor - Failed to resolve history item group base for 'refs/heads/main'
2024-06-28 02:54:00.479 [info] > git for-each-ref --format=%(refname)%00%(upstream:short)%00%(objectname)%00%(upstream:track)%00%(upstream:remotename)%00%(upstream:remoteref) refs/heads/main [3ms]
2024-06-28 02:54:00.487 [info] > git for-each-ref --format=%(refname)%00%(upstream:short)%00%(objectname)%00%(upstream:track)%00%(upstream:remotename)%00%(upstream:remoteref) refs/heads/main [2ms]
2024-06-28 02:54:00.544 [info] > git config --local branch.main.vscode-merge-base [52ms]
2024-06-28 02:54:00.553 [info] > git for-each-ref --format=%(refname)%00%(upstream:short)%00%(objectname)%00%(upstream:track)%00%(upstream:remotename)%00%(upstream:remoteref) refs/heads/origin/main refs/remotes/origin/main [2ms]
2024-06-28 02:54:00.553 [warning] No such branch: origin/main.
2024-06-28 02:54:00.562 [info] > git reflog refs/heads/main --grep-reflog=branch: Created from *. [4ms]
2024-06-28 02:54:00.572 [info] > git symbolic-ref --short refs/remotes/origin/HEAD [4ms]
2024-06-28 02:54:00.572 [info] fatal: ref refs/remotes/origin/HEAD is not a symbolic ref
2024-06-28 02:54:00.572 [info] GitHistoryProvider:resolveHistoryItemGroupBase - Failed to resolve history item group base for 'refs/heads/main'
2024-06-28 02:54:00.572 [info] GitHistoryProvider:resolveHistoryItemGroupCommonAncestor - Failed to resolve history item group base for 'refs/heads/main'
2024-06-28 02:54:00.680 [info] > git for-each-ref --format=%(refname)%00%(upstream:short)%00%(objectname)%00%(upstream:track)%00%(upstream:remotename)%00%(upstream:remoteref) refs/heads/main [2ms]
2024-06-28 02:54:00.686 [info] > git for-each-ref --format=%(refname)%00%(upstream:short)%00%(objectname)%00%(upstream:track)%00%(upstream:remotename)%00%(upstream:remoteref) refs/heads/main [2ms]
2024-06-28 02:54:00.692 [info] > git config --local branch.main.vscode-merge-base [1ms]
2024-06-28 02:54:00.698 [info] > git for-each-ref --format=%(refname)%00%(upstream:short)%00%(objectname)%00%(upstream:track)%00%(upstream:remotename)%00%(upstream:remoteref) refs/heads/origin/main refs/remotes/origin/main [1ms]
2024-06-28 02:54:00.699 [warning] No such branch: origin/main.
2024-06-28 02:54:00.705 [info] > git reflog refs/heads/main --grep-reflog=branch: Created from *. [2ms]
2024-06-28 02:54:00.711 [info] > git symbolic-ref --short refs/remotes/origin/HEAD [1ms]
2024-06-28 02:54:00.712 [info] fatal: ref refs/remotes/origin/HEAD is not a symbolic ref
2024-06-28 02:54:00.712 [info] GitHistoryProvider:resolveHistoryItemGroupBase - Failed to resolve history item group base for 'refs/heads/main'
2024-06-28 02:54:00.712 [info] GitHistoryProvider:resolveHistoryItemGroupCommonAncestor - Failed to resolve history item group base for 'refs/heads/main'
2024-06-28 02:54:09.603 [info] > git config --get commit.template [6ms]
2024-06-28 02:54:09.604 [info] > git for-each-ref --format=%(refname)%00%(upstream:short)%00%(objectname)%00%(upstream:track)%00%(upstream:remotename)%00%(upstream:remoteref) refs/heads/main refs/remotes/main [2ms]
2024-06-28 02:54:09.612 [info] > git status -z -uall [3ms]
2024-06-28 02:54:32.648 [info] > git config --get commit.template [6ms]
2024-06-28 02:54:32.650 [info] > git for-each-ref --format=%(refname)%00%(upstream:short)%00%(objectname)%00%(upstream:track)%00%(upstream:remotename)%00%(upstream:remoteref) refs/heads/main refs/remotes/main [2ms]
2024-06-28 02:54:32.658 [info] > git status -z -uall [3ms]
2024-06-28 02:54:32.817 [info] > git for-each-ref --format=%(refname)%00%(upstream:short)%00%(objectname)%00%(upstream:track)%00%(upstream:remotename)%00%(upstream:remoteref) refs/heads/main [2ms]
2024-06-28 02:54:32.823 [info] > git for-each-ref --format=%(refname)%00%(upstream:short)%00%(objectname)%00%(upstream:track)%00%(upstream:remotename)%00%(upstream:remoteref) refs/heads/main [1ms]
2024-06-28 02:54:32.830 [info] > git config --local branch.main.vscode-merge-base [2ms]
2024-06-28 02:54:32.836 [info] > git for-each-ref --format=%(refname)%00%(upstream:short)%00%(objectname)%00%(upstream:track)%00%(upstream:remotename)%00%(upstream:remoteref) refs/heads/origin/main refs/remotes/origin/main [1ms]
2024-06-28 02:54:32.836 [warning] No such branch: origin/main.
2024-06-28 02:54:32.844 [info] > git reflog refs/heads/main --grep-reflog=branch: Created from *. [3ms]
2024-06-28 02:54:32.851 [info] > git symbolic-ref --short refs/remotes/origin/HEAD [2ms]
2024-06-28 02:54:32.851 [info] fatal: ref refs/remotes/origin/HEAD is not a symbolic ref
2024-06-28 02:54:32.851 [info] GitHistoryProvider:resolveHistoryItemGroupBase - Failed to resolve history item group base for 'refs/heads/main'
2024-06-28 02:54:32.851 [info] GitHistoryProvider:resolveHistoryItemGroupCommonAncestor - Failed to resolve history item group base for 'refs/heads/main'
2024-06-28 02:54:32.966 [info] > git for-each-ref --format=%(refname)%00%(upstream:short)%00%(objectname)%00%(upstream:track)%00%(upstream:remotename)%00%(upstream:remoteref) refs/heads/main [2ms]
2024-06-28 02:54:32.973 [info] > git for-each-ref --format=%(refname)%00%(upstream:short)%00%(objectname)%00%(upstream:track)%00%(upstream:remotename)%00%(upstream:remoteref) refs/heads/main [1ms]
2024-06-28 02:54:32.980 [info] > git config --local branch.main.vscode-merge-base [1ms]
2024-06-28 02:54:32.987 [info] > git for-each-ref --format=%(refname)%00%(upstream:short)%00%(objectname)%00%(upstream:track)%00%(upstream:remotename)%00%(upstream:remoteref) refs/heads/origin/main refs/remotes/origin/main [2ms]
2024-06-28 02:54:32.987 [warning] No such branch: origin/main.
2024-06-28 02:54:32.994 [info] > git reflog refs/heads/main --grep-reflog=branch: Created from *. [3ms]
2024-06-28 02:54:33.000 [info] > git symbolic-ref --short refs/remotes/origin/HEAD [2ms]
2024-06-28 02:54:33.000 [info] fatal: ref refs/remotes/origin/HEAD is not a symbolic ref
2024-06-28 02:54:33.000 [info] GitHistoryProvider:resolveHistoryItemGroupBase - Failed to resolve history item group base for 'refs/heads/main'
2024-06-28 02:54:33.000 [info] GitHistoryProvider:resolveHistoryItemGroupCommonAncestor - Failed to resolve history item group base for 'refs/heads/main'
2024-06-28 02:54:33.081 [info] > git for-each-ref --format=%(refname)%00%(upstream:short)%00%(objectname)%00%(upstream:track)%00%(upstream:remotename)%00%(upstream:remoteref) refs/heads/main [2ms]
2024-06-28 02:54:33.087 [info] > git for-each-ref --format=%(refname)%00%(upstream:short)%00%(objectname)%00%(upstream:track)%00%(upstream:remotename)%00%(upstream:remoteref) refs/heads/main [1ms]
2024-06-28 02:54:33.094 [info] > git config --local branch.main.vscode-merge-base [1ms]
2024-06-28 02:54:33.101 [info] > git for-each-ref --format=%(refname)%00%(upstream:short)%00%(objectname)%00%(upstream:track)%00%(upstream:remotename)%00%(upstream:remoteref) refs/heads/origin/main refs/remotes/origin/main [2ms]
2024-06-28 02:54:33.101 [warning] No such branch: origin/main.
2024-06-28 02:54:33.110 [info] > git reflog refs/heads/main --grep-reflog=branch: Created from *. [3ms]
2024-06-28 02:54:33.116 [info] > git symbolic-ref --short refs/remotes/origin/HEAD [1ms]
2024-06-28 02:54:33.116 [info] fatal: ref refs/remotes/origin/HEAD is not a symbolic ref
2024-06-28 02:54:33.116 [info] GitHistoryProvider:resolveHistoryItemGroupBase - Failed to resolve history item group base for 'refs/heads/main'
2024-06-28 02:54:33.116 [info] GitHistoryProvider:resolveHistoryItemGroupCommonAncestor - Failed to resolve history item group base for 'refs/heads/main'
2024-06-28 02:54:33.196 [info] > git for-each-ref --format=%(refname)%00%(upstream:short)%00%(objectname)%00%(upstream:track)%00%(upstream:remotename)%00%(upstream:remoteref) refs/heads/main [2ms]
2024-06-28 02:54:33.203 [info] > git for-each-ref --format=%(refname)%00%(upstream:short)%00%(objectname)%00%(upstream:track)%00%(upstream:remotename)%00%(upstream:remoteref) refs/heads/main [2ms]
2024-06-28 02:54:33.209 [info] > git config --local branch.main.vscode-merge-base [1ms]
2024-06-28 02:54:33.216 [info] > git for-each-ref --format=%(refname)%00%(upstream:short)%00%(objectname)%00%(upstream:track)%00%(upstream:remotename)%00%(upstream:remoteref) refs/heads/origin/main refs/remotes/origin/main [2ms]
2024-06-28 02:54:33.216 [warning] No such branch: origin/main.
2024-06-28 02:54:33.223 [info] > git reflog refs/heads/main --grep-reflog=branch: Created from *. [3ms]
2024-06-28 02:54:33.230 [info] > git symbolic-ref --short refs/remotes/origin/HEAD [2ms]
2024-06-28 02:54:33.230 [info] fatal: ref refs/remotes/origin/HEAD is not a symbolic ref
2024-06-28 02:54:33.230 [info] GitHistoryProvider:resolveHistoryItemGroupBase - Failed to resolve history item group base for 'refs/heads/main'
2024-06-28 02:54:33.230 [info] GitHistoryProvider:resolveHistoryItemGroupCommonAncestor - Failed to resolve history item group base for 'refs/heads/main'
2024-06-28 02:54:53.296 [info] > git for-each-ref --format=%(refname)%00%(upstream:short)%00%(objectname)%00%(upstream:track)%00%(upstream:remotename)%00%(upstream:remoteref) refs/heads/main [2ms]
2024-06-28 02:54:53.304 [info] > git for-each-ref --format=%(refname)%00%(upstream:short)%00%(objectname)%00%(upstream:track)%00%(upstream:remotename)%00%(upstream:remoteref) refs/heads/main [2ms]
2024-06-28 02:54:53.312 [info] > git config --local branch.main.vscode-merge-base [2ms]
2024-06-28 02:54:53.320 [info] > git for-each-ref --format=%(refname)%00%(upstream:short)%00%(objectname)%00%(upstream:track)%00%(upstream:remotename)%00%(upstream:remoteref) refs/heads/origin/main refs/remotes/origin/main [2ms]
2024-06-28 02:54:53.320 [warning] No such branch: origin/main.
2024-06-28 02:54:53.328 [info] > git reflog refs/heads/main --grep-reflog=branch: Created from *. [3ms]
2024-06-28 02:54:53.335 [info] > git symbolic-ref --short refs/remotes/origin/HEAD [2ms]
2024-06-28 02:54:53.335 [info] fatal: ref refs/remotes/origin/HEAD is not a symbolic ref
2024-06-28 02:54:53.335 [info] GitHistoryProvider:resolveHistoryItemGroupBase - Failed to resolve history item group base for 'refs/heads/main'
2024-06-28 02:54:53.335 [info] GitHistoryProvider:resolveHistoryItemGroupCommonAncestor - Failed to resolve history item group base for 'refs/heads/main'
2024-06-28 02:54:54.231 [info] > git for-each-ref --format=%(refname)%00%(upstream:short)%00%(objectname)%00%(upstream:track)%00%(upstream:remotename)%00%(upstream:remoteref) refs/heads/main [2ms]
2024-06-28 02:54:54.241 [info] > git for-each-ref --format=%(refname)%00%(upstream:short)%00%(objectname)%00%(upstream:track)%00%(upstream:remotename)%00%(upstream:remoteref) refs/heads/main [3ms]
2024-06-28 02:54:54.250 [info] > git config --local branch.main.vscode-merge-base [2ms]
2024-06-28 02:54:54.260 [info] > git for-each-ref --format=%(refname)%00%(upstream:short)%00%(objectname)%00%(upstream:track)%00%(upstream:remotename)%00%(upstream:remoteref) refs/heads/origin/main refs/remotes/origin/main [3ms]
2024-06-28 02:54:54.260 [warning] No such branch: origin/main.
2024-06-28 02:54:54.270 [info] > git reflog refs/heads/main --grep-reflog=branch: Created from *. [3ms]
2024-06-28 02:54:54.279 [info] > git symbolic-ref --short refs/remotes/origin/HEAD [2ms]
2024-06-28 02:54:54.279 [info] fatal: ref refs/remotes/origin/HEAD is not a symbolic ref
2024-06-28 02:54:54.279 [info] GitHistoryProvider:resolveHistoryItemGroupBase - Failed to resolve history item group base for 'refs/heads/main'
2024-06-28 02:54:54.279 [info] GitHistoryProvider:resolveHistoryItemGroupCommonAncestor - Failed to resolve history item group base for 'refs/heads/main'
2024-06-28 02:54:54.365 [info] > git for-each-ref --format=%(refname)%00%(upstream:short)%00%(objectname)%00%(upstream:track)%00%(upstream:remotename)%00%(upstream:remoteref) refs/heads/main [3ms]
2024-06-28 02:54:54.374 [info] > git for-each-ref --format=%(refname)%00%(upstream:short)%00%(objectname)%00%(upstream:track)%00%(upstream:remotename)%00%(upstream:remoteref) refs/heads/main [3ms]
2024-06-28 02:54:54.385 [info] > git config --local branch.main.vscode-merge-base [2ms]
2024-06-28 02:54:54.395 [info] > git for-each-ref --format=%(refname)%00%(upstream:short)%00%(objectname)%00%(upstream:track)%00%(upstream:remotename)%00%(upstream:remoteref) refs/heads/origin/main refs/remotes/origin/main [2ms]
2024-06-28 02:54:54.396 [warning] No such branch: origin/main.
2024-06-28 02:54:54.405 [info] > git reflog refs/heads/main --grep-reflog=branch: Created from *. [3ms]
2024-06-28 02:54:54.416 [info] > git symbolic-ref --short refs/remotes/origin/HEAD [3ms]
2024-06-28 02:54:54.416 [info] fatal: ref refs/remotes/origin/HEAD is not a symbolic ref
2024-06-28 02:54:54.416 [info] GitHistoryProvider:resolveHistoryItemGroupBase - Failed to resolve history item group base for 'refs/heads/main'
2024-06-28 02:54:54.416 [info] GitHistoryProvider:resolveHistoryItemGroupCommonAncestor - Failed to resolve history item group base for 'refs/heads/main'
2024-06-28 02:56:12.478 [info] > git config --local branch.main.github-pr-owner-number [1ms]
2024-06-28 02:56:12.478 [warning] git config failed: Failed to execute git
2024-06-28 02:56:44.942 [info] > git config --get commit.template [7ms]
2024-06-28 02:56:44.943 [info] > git for-each-ref --format=%(refname)%00%(upstream:short)%00%(objectname)%00%(upstream:track)%00%(upstream:remotename)%00%(upstream:remoteref) refs/heads/main refs/remotes/main [2ms]
2024-06-28 02:56:44.951 [info] > git status -z -uall [2ms]
2024-06-28 02:56:45.153 [info] > git config --local branch.main.github-pr-owner-number [2ms]
2024-06-28 02:56:45.153 [warning] git config failed: Failed to execute git
2024-06-28 02:56:45.160 [info] > git config --local branch.main.remote [2ms]
2024-06-28 02:56:45.160 [warning] git config failed: Failed to execute git
2024-06-28 02:56:45.167 [info] > git config --local branch.main.merge [2ms]
2024-06-28 02:56:45.167 [warning] git config failed: Failed to execute git
2024-06-28 02:56:45.225 [info] > git for-each-ref --format=%(refname)%00%(upstream:short)%00%(objectname)%00%(upstream:track)%00%(upstream:remotename)%00%(upstream:remoteref) refs/heads/main [2ms]
2024-06-28 02:56:45.233 [info] > git for-each-ref --format=%(refname)%00%(upstream:short)%00%(objectname)%00%(upstream:track)%00%(upstream:remotename)%00%(upstream:remoteref) refs/heads/main [1ms]
2024-06-28 02:56:45.239 [info] > git config --local branch.main.vscode-merge-base [1ms]
2024-06-28 02:56:45.246 [info] > git for-each-ref --format=%(refname)%00%(upstream:short)%00%(objectname)%00%(upstream:track)%00%(upstream:remotename)%00%(upstream:remoteref) refs/heads/origin/main refs/remotes/origin/main [2ms]
2024-06-28 02:56:45.246 [warning] No such branch: origin/main.
2024-06-28 02:56:45.253 [info] > git reflog refs/heads/main --grep-reflog=branch: Created from *. [3ms]
2024-06-28 02:56:45.260 [info] > git symbolic-ref --short refs/remotes/origin/HEAD [2ms]
2024-06-28 02:56:45.260 [info] fatal: ref refs/remotes/origin/HEAD is not a symbolic ref
2024-06-28 02:56:45.260 [info] GitHistoryProvider:resolveHistoryItemGroupBase - Failed to resolve history item group base for 'refs/heads/main'
2024-06-28 02:56:45.260 [info] GitHistoryProvider:resolveHistoryItemGroupCommonAncestor - Failed to resolve history item group base for 'refs/heads/main'
2024-06-28 02:56:45.356 [info] > git for-each-ref --format=%(refname)%00%(upstream:short)%00%(objectname)%00%(upstream:track)%00%(upstream:remotename)%00%(upstream:remoteref) refs/heads/main [4ms]
2024-06-28 02:56:45.365 [info] > git for-each-ref --format=%(refname)%00%(upstream:short)%00%(objectname)%00%(upstream:track)%00%(upstream:remotename)%00%(upstream:remoteref) refs/heads/main [4ms]
2024-06-28 02:56:45.373 [info] > git config --local branch.main.vscode-merge-base [3ms]
2024-06-28 02:56:45.380 [info] > git for-each-ref --format=%(refname)%00%(upstream:short)%00%(objectname)%00%(upstream:track)%00%(upstream:remotename)%00%(upstream:remoteref) refs/heads/origin/main refs/remotes/origin/main [2ms]
2024-06-28 02:56:45.380 [warning] No such branch: origin/main.
2024-06-28 02:56:45.388 [info] > git reflog refs/heads/main --grep-reflog=branch: Created from *. [3ms]
2024-06-28 02:56:45.394 [info] > git symbolic-ref --short refs/remotes/origin/HEAD [2ms]
2024-06-28 02:56:45.394 [info] fatal: ref refs/remotes/origin/HEAD is not a symbolic ref
2024-06-28 02:56:45.394 [info] GitHistoryProvider:resolveHistoryItemGroupBase - Failed to resolve history item group base for 'refs/heads/main'
2024-06-28 02:56:45.394 [info] GitHistoryProvider:resolveHistoryItemGroupCommonAncestor - Failed to resolve history item group base for 'refs/heads/main'
2024-06-28 02:56:45.474 [info] > git for-each-ref --format=%(refname)%00%(upstream:short)%00%(objectname)%00%(upstream:track)%00%(upstream:remotename)%00%(upstream:remoteref) refs/heads/main [2ms]
2024-06-28 02:56:45.482 [info] > git for-each-ref --format=%(refname)%00%(upstream:short)%00%(objectname)%00%(upstream:track)%00%(upstream:remotename)%00%(upstream:remoteref) refs/heads/main [2ms]
2024-06-28 02:56:45.489 [info] > git config --local branch.main.vscode-merge-base [2ms]
2024-06-28 02:56:45.496 [info] > git for-each-ref --format=%(refname)%00%(upstream:short)%00%(objectname)%00%(upstream:track)%00%(upstream:remotename)%00%(upstream:remoteref) refs/heads/origin/main refs/remotes/origin/main [2ms]
2024-06-28 02:56:45.496 [warning] No such branch: origin/main.
2024-06-28 02:56:45.504 [info] > git reflog refs/heads/main --grep-reflog=branch: Created from *. [3ms]
2024-06-28 02:56:45.510 [info] > git symbolic-ref --short refs/remotes/origin/HEAD [1ms]
2024-06-28 02:56:45.510 [info] fatal: ref refs/remotes/origin/HEAD is not a symbolic ref
2024-06-28 02:56:45.510 [info] GitHistoryProvider:resolveHistoryItemGroupBase - Failed to resolve history item group base for 'refs/heads/main'
2024-06-28 02:56:45.510 [info] GitHistoryProvider:resolveHistoryItemGroupCommonAncestor - Failed to resolve history item group base for 'refs/heads/main'
2024-06-28 02:56:45.595 [info] > git for-each-ref --format=%(refname)%00%(upstream:short)%00%(objectname)%00%(upstream:track)%00%(upstream:remotename)%00%(upstream:remoteref) refs/heads/main [2ms]
2024-06-28 02:56:45.602 [info] > git for-each-ref --format=%(refname)%00%(upstream:short)%00%(objectname)%00%(upstream:track)%00%(upstream:remotename)%00%(upstream:remoteref) refs/heads/main [1ms]
2024-06-28 02:56:45.609 [info] > git config --local branch.main.vscode-merge-base [1ms]
2024-06-28 02:56:45.616 [info] > git for-each-ref --format=%(refname)%00%(upstream:short)%00%(objectname)%00%(upstream:track)%00%(upstream:remotename)%00%(upstream:remoteref) refs/heads/origin/main refs/remotes/origin/main [2ms]
2024-06-28 02:56:45.616 [warning] No such branch: origin/main.
2024-06-28 02:56:45.623 [info] > git reflog refs/heads/main --grep-reflog=branch: Created from *. [2ms]
2024-06-28 02:56:45.630 [info] > git symbolic-ref --short refs/remotes/origin/HEAD [2ms]
2024-06-28 02:56:45.630 [info] fatal: ref refs/remotes/origin/HEAD is not a symbolic ref
2024-06-28 02:56:45.630 [info] GitHistoryProvider:resolveHistoryItemGroupBase - Failed to resolve history item group base for 'refs/heads/main'
2024-06-28 02:56:45.630 [info] GitHistoryProvider:resolveHistoryItemGroupCommonAncestor - Failed to resolve history item group base for 'refs/heads/main'
2024-06-28 02:56:45.710 [info] > git for-each-ref --format=%(refname)%00%(upstream:short)%00%(objectname)%00%(upstream:track)%00%(upstream:remotename)%00%(upstream:remoteref) refs/heads/main [2ms]
2024-06-28 02:56:45.717 [info] > git for-each-ref --format=%(refname)%00%(upstream:short)%00%(objectname)%00%(upstream:track)%00%(upstream:remotename)%00%(upstream:remoteref) refs/heads/main [2ms]
2024-06-28 02:56:45.724 [info] > git config --local branch.main.vscode-merge-base [2ms]
2024-06-28 02:56:45.731 [info] > git for-each-ref --format=%(refname)%00%(upstream:short)%00%(objectname)%00%(upstream:track)%00%(upstream:remotename)%00%(upstream:remoteref) refs/heads/origin/main refs/remotes/origin/main [2ms]
2024-06-28 02:56:45.731 [warning] No such branch: origin/main.
2024-06-28 02:56:45.739 [info] > git reflog refs/heads/main --grep-reflog=branch: Created from *. [3ms]
2024-06-28 02:56:45.747 [info] > git symbolic-ref --short refs/remotes/origin/HEAD [2ms]
2024-06-28 02:56:45.747 [info] fatal: ref refs/remotes/origin/HEAD is not a symbolic ref
2024-06-28 02:56:45.747 [info] GitHistoryProvider:resolveHistoryItemGroupBase - Failed to resolve history item group base for 'refs/heads/main'
2024-06-28 02:56:45.747 [info] GitHistoryProvider:resolveHistoryItemGroupCommonAncestor - Failed to resolve history item group base for 'refs/heads/main'
2024-06-28 02:56:50.915 [info] > git config --get commit.template [6ms]
2024-06-28 02:56:50.916 [info] > git for-each-ref --format=%(refname)%00%(upstream:short)%00%(objectname)%00%(upstream:track)%00%(upstream:remotename)%00%(upstream:remoteref) refs/heads/main refs/remotes/main [2ms]
2024-06-28 02:56:50.924 [info] > git status -z -uall [3ms]
